[debug] [2025-09-14T08:41:59.365Z] ----------------------------------------------------------------------
[debug] [2025-09-14T08:41:59.370Z] Command:       /nix/store/ws50yvm6vzlzf7jzz6n7xh4szddrack1-nodejs-20.19.1/bin/node /home/user/.npm/_npx/ba4f1959e38407b5/node_modules/.bin/firebase init dataconnect:sdk --project studio-7848553620-773f9
[debug] [2025-09-14T08:41:59.371Z] CLI Version:   14.16.0
[debug] [2025-09-14T08:41:59.371Z] Platform:      linux
[debug] [2025-09-14T08:41:59.371Z] Node Version:  v20.19.1
[debug] [2025-09-14T08:41:59.372Z] Time:          Sun Sep 14 2025 08:41:59 GMT+0000 (Coordinated Universal Time)
[debug] [2025-09-14T08:41:59.372Z] ----------------------------------------------------------------------
[debug] 
[debug] [2025-09-14T08:42:00.320Z] > command requires scopes: ["email","openid","https://www.googleapis.com/auth/cloudplatformprojects.readonly","https://www.googleapis.com/auth/firebase","https://www.googleapis.com/auth/cloud-platform","https://www.googleapis.com/auth/userinfo.email"]
[debug] [2025-09-14T08:42:00.322Z] > authorizing via signed-in user (akuma424424@gmail.com)
[info] 
     ######## #### ########  ######## ########     ###     ######  ########
     ##        ##  ##     ## ##       ##     ##  ##   ##  ##       ##
     ######    ##  ########  ######   ########  #########  ######  ######
     ##        ##  ##    ##  ##       ##     ## ##     ##       ## ##
     ##       #### ##     ## ######## ########  ##     ##  ######  ########

You're about to initialize a Firebase project in this directory:

  /home/user/studio

Before we get started, keep in mind:

  * You are initializing within an existing Firebase project directory

[info] 
=== Project Setup
[info] 
[info] First, let's associate this project directory with a Firebase project.
[info] You can create multiple project aliases by running firebase use --add, 
[info] but for now we'll just set up a default project.
[info] 
[debug] [2025-09-14T08:42:00.333Z] Using project from CLI flag: studio-7848553620-773f9
[debug] [2025-09-14T08:42:00.336Z] Checked if tokens are valid: true, expires at: 1757842813313
[debug] [2025-09-14T08:42:00.337Z] Checked if tokens are valid: true, expires at: 1757842813313
[debug] [2025-09-14T08:42:00.340Z] >>> [apiv2][query] GET https://firebase.googleapis.com/v1beta1/projects/studio-7848553620-773f9 [none]
[debug] [2025-09-14T08:42:00.711Z] <<< [apiv2][status] GET https://firebase.googleapis.com/v1beta1/projects/studio-7848553620-773f9 200
[debug] [2025-09-14T08:42:00.713Z] <<< [apiv2][body] GET https://firebase.googleapis.com/v1beta1/projects/studio-7848553620-773f9 {"projectId":"studio-7848553620-773f9","projectNumber":"1048587881635","displayName":"Firebase app","name":"projects/studio-7848553620-773f9","resources":{"hostingSite":"studio-7848553620-773f9"},"state":"ACTIVE","etag":"1_b9869ac3-758b-4d1a-b08f-814e0c58a87d"}
[info] i  Using project studio-7848553620-773f9 (Firebase app) 
[info] 
=== Dataconnect:sdk Setup
[info] ✔  dataconnect: Detected existing apps . (web), functions (web) 
[debug] [2025-09-14T08:42:06.827Z] ExitPromptError: User force closed the prompt with SIGINT
    at Interface.sigint (/home/user/.npm/_npx/ba4f1959e38407b5/node_modules/@inquirer/core/dist/commonjs/lib/create-prompt.js:101:37)
    at Interface.emit (node:events:524:28)
    at Interface.emit (node:domain:489:12)
    at [_ttyWrite] [as _ttyWrite] (node:internal/readline/interface:1125:18)
    at ReadStream.onkeypress (node:internal/readline/interface:264:20)
    at ReadStream.emit (node:events:536:35)
    at ReadStream.emit (node:domain:489:12)
    at emitKeys (node:internal/readline/utils:371:14)
    at emitKeys.next (<anonymous>)
    at ReadStream.onData (node:internal/readline/emitKeypressEvents:64:36)
[error] 
[error] Error: An unexpected error has occurred.
