[debug] [2025-09-14T08:39:59.409Z] [Firebase Plugin] Activating Firebase extension.
[debug] [2025-09-14T08:40:14.131Z] [Firebase Plugin] requireAuthWrapper
[debug] [2025-09-14T08:40:14.133Z] > command requires scopes: ["email","openid","https://www.googleapis.com/auth/cloudplatformprojects.readonly","https://www.googleapis.com/auth/firebase","https://www.googleapis.com/auth/cloud-platform","https://www.googleapis.com/auth/userinfo.email"]
[debug] [2025-09-14T08:40:14.134Z] > authorizing via signed-in user (akuma424424@gmail.com)
[debug] [2025-09-14T08:40:14.139Z] Checked if tokens are valid: false, expires at: 1757838617986
[debug] [2025-09-14T08:40:14.140Z] Checked if tokens are valid: false, expires at: 1757838617986
[debug] [2025-09-14T08:40:14.141Z] > refreshing access token with scopes: []
[debug] [2025-09-14T08:40:14.144Z] >>> [apiv2][query] POST https://www.googleapis.com/oauth2/v3/token [none]
[debug] [2025-09-14T08:40:14.144Z] >>> [apiv2][body] POST https://www.googleapis.com/oauth2/v3/token [omitted]
[debug] [2025-09-14T08:40:14.199Z] [Firebase Plugin] VSCode notification server listening on port 40001
[debug] [2025-09-14T08:40:14.309Z] <<< [apiv2][status] POST https://www.googleapis.com/oauth2/v3/token 200
[debug] [2025-09-14T08:40:14.310Z] <<< [apiv2][body] POST https://www.googleapis.com/oauth2/v3/token [omitted]
[debug] [2025-09-14T08:40:14.332Z] [Firebase Plugin] User found:  akuma424424@gmail.com
[info] [Firebase Plugin] (Core:Project) New user detected, fetching projects
[debug] [2025-09-14T08:40:14.334Z] Checked if tokens are valid: true, expires at: 1757842813313
[debug] [2025-09-14T08:40:14.335Z] >>> [apiv2][query] GET https://firebase.googleapis.com/v1beta1/projects pageSize=1000
[debug] [2025-09-14T08:40:14.760Z] <<< [apiv2][status] GET https://firebase.googleapis.com/v1beta1/projects 200
[debug] [2025-09-14T08:40:14.760Z] <<< [apiv2][body] GET https://firebase.googleapis.com/v1beta1/projects [omitted]
[info] [Firebase Plugin] Starting Data Connect toolkit (version 2.12.0) on port 50001
[info] i  dataconnect: downloading dataconnect-emulator-2.12.0... {"metadata":{"emulator":{"name":"dataconnect"},"message":"downloading dataconnect-emulator-2.12.0..."}}
[debug] [2025-09-14T08:40:16.076Z] >>> [apiv2][query] GET https://storage.googleapis.com/firemat-preview-drop/emulator/dataconnect-emulator-linux-v2.12.0 
[debug] [2025-09-14T08:40:16.296Z] <<< [apiv2][status] GET https://storage.googleapis.com/firemat-preview-drop/emulator/dataconnect-emulator-linux-v2.12.0 200
[debug] [2025-09-14T08:40:16.297Z] <<< [apiv2][body] GET https://storage.googleapis.com/firemat-preview-drop/emulator/dataconnect-emulator-linux-v2.12.0 [stream]
[debug] [2025-09-14T08:40:17.657Z] W0914 08:40:17.654239   10025 build.go:56] Failed to construct deployment metadata: rpc error: code = NotFound desc = no schema found for service "studio". No service has a schema.
 {"metadata":{"emulator":{"name":"dataconnect"},"message":"W0914 08:40:17.654239   10025 build.go:56] Failed to construct deployment metadata: rpc error: code = NotFound desc = no schema found for service \"studio\". No service has a schema.\n"}}
[debug] [2025-09-14T08:40:17.659Z] Ignoring unsupported arg: auto_download {"metadata":{"emulator":{"name":"dataconnect"},"message":"Ignoring unsupported arg: auto_download"}}
[debug] [2025-09-14T08:40:17.660Z] Ignoring unsupported arg: port {"metadata":{"emulator":{"name":"dataconnect"},"message":"Ignoring unsupported arg: port"}}
[debug] [2025-09-14T08:40:17.661Z] Starting Data Connect Emulator with command {"binary":"/home/user/.cache/firebase/emulators/dataconnect-emulator-2.12.0","args":["--logtostderr","-v=2","dev","--listen=localhost:50001","--config_dir=/home/user/studio/dataconnect","--enable_output_schema_extensions=true","--enable_output_generated_sdk=true"],"optionalArgs":["listen","config_dir","enable_output_schema_extensions","enable_output_generated_sdk"],"joinArgs":true,"shell":false,"port":9399} {"metadata":{"emulator":{"name":"dataconnect"},"message":"Starting Data Connect Emulator with command {\"binary\":\"/home/user/.cache/firebase/emulators/dataconnect-emulator-2.12.0\",\"args\":[\"--logtostderr\",\"-v=2\",\"dev\",\"--listen=localhost:50001\",\"--config_dir=/home/user/studio/dataconnect\",\"--enable_output_schema_extensions=true\",\"--enable_output_generated_sdk=true\"],\"optionalArgs\":[\"listen\",\"config_dir\",\"enable_output_schema_extensions\",\"enable_output_generated_sdk\"],\"joinArgs\":true,\"shell\":false,\"port\":9399}"}}
[info] i  dataconnect: Data Connect Emulator logging to dataconnect-debug.log {"metadata":{"emulator":{"name":"dataconnect"},"message":"Data Connect Emulator logging to dataconnect-debug.log"}}
[debug] [2025-09-14T08:40:17.735Z] I0914 08:40:17.734783   10030 load.go:31] Reloading schema and connectors...
 {"metadata":{"emulator":{"name":"dataconnect"},"message":"I0914 08:40:17.734783   10030 load.go:31] Reloading schema and connectors...\n"}}
[debug] [2025-09-14T08:40:17.742Z] E0914 08:40:17.742240   10030 load.go:63] Could not generate extensions: rpc error: code = NotFound desc = no schema found for service "studio". No service has a schema.
 {"metadata":{"emulator":{"name":"dataconnect"},"message":"E0914 08:40:17.742240   10030 load.go:63] Could not generate extensions: rpc error: code = NotFound desc = no schema found for service \"studio\". No service has a schema.\n"}}
[debug] [2025-09-14T08:40:17.743Z] E0914 08:40:17.743068   10030 load.go:73] Could not load sources: 
Errors: schema/schema.gql:9:14: Undefined directive column.
 {"metadata":{"emulator":{"name":"dataconnect"},"message":"E0914 08:40:17.743068   10030 load.go:73] Could not load sources: \nErrors: schema/schema.gql:9:14: Undefined directive column.\n"}}
[debug] [2025-09-14T08:40:17.749Z] I0914 08:40:17.745223   10030 collector.go:107] schema extensions wrote into "/home/user/studio/dataconnect/.dataconnect/schema"
Generated sources: prelude.gql [73251B] 
I0914 08:40:17.745318   10030 load.go:74] Finished reloading
 {"metadata":{"emulator":{"name":"dataconnect"},"message":"I0914 08:40:17.745223   10030 collector.go:107] schema extensions wrote into \"/home/user/studio/dataconnect/.dataconnect/schema\"\nGenerated sources: prelude.gql [73251B] \nI0914 08:40:17.745318   10030 load.go:74] Finished reloading\n"}}
[debug] [2025-09-14T08:40:17.795Z] I0914 08:40:17.793966   10030 dev.go:102] Listening on address (HTTP + gRPC): 127.0.0.1:50001
 {"metadata":{"emulator":{"name":"dataconnect"},"message":"I0914 08:40:17.793966   10030 dev.go:102] Listening on address (HTTP + gRPC): 127.0.0.1:50001\n"}}
[error] [Firebase Plugin] error:  {}
[debug] [2025-09-14T08:40:27.200Z] [Firebase Plugin] Value of process.env.MONOSPACE_ENV: true
[debug] [2025-09-14T08:40:27.201Z] [Firebase Plugin] requireAuthWrapper
[debug] [2025-09-14T08:40:27.202Z] > command requires scopes: ["email","openid","https://www.googleapis.com/auth/cloudplatformprojects.readonly","https://www.googleapis.com/auth/firebase","https://www.googleapis.com/auth/cloud-platform","https://www.googleapis.com/auth/userinfo.email"]
[debug] [2025-09-14T08:40:27.203Z] > authorizing via signed-in user (akuma424424@gmail.com)
[debug] [2025-09-14T08:40:27.204Z] [Firebase Plugin] Value of process.env.MONOSPACE_ENV: true
[debug] [2025-09-14T08:40:27.204Z] [Firebase Plugin] requireAuthWrapper
[debug] [2025-09-14T08:40:27.205Z] > command requires scopes: ["email","openid","https://www.googleapis.com/auth/cloudplatformprojects.readonly","https://www.googleapis.com/auth/firebase","https://www.googleapis.com/auth/cloud-platform","https://www.googleapis.com/auth/userinfo.email"]
[debug] [2025-09-14T08:40:27.206Z] > authorizing via signed-in user (akuma424424@gmail.com)
[debug] [2025-09-14T08:40:27.207Z] Emulator locator file path: /tmp/hub-studio-7848553620-773f9.json
[debug] [2025-09-14T08:40:27.208Z] Checked if tokens are valid: true, expires at: 1757842813313
[debug] [2025-09-14T08:40:27.208Z] Checked if tokens are valid: true, expires at: 1757842813313
[debug] [2025-09-14T08:40:27.208Z] [Firebase Plugin] User found:  akuma424424@gmail.com
[debug] [2025-09-14T08:40:27.209Z] [Firebase Plugin] User found:  akuma424424@gmail.com
[info] [Firebase Plugin] (Core:Project) New user detected, fetching projects
[debug] [2025-09-14T08:40:27.211Z] Checked if tokens are valid: true, expires at: 1757842813313
[info] [Firebase Plugin] (Core:Project) New user detected, fetching projects
[debug] [2025-09-14T08:40:27.212Z] Checked if tokens are valid: true, expires at: 1757842813313
[debug] [2025-09-14T08:40:27.213Z] >>> [apiv2][query] GET https://firebase.googleapis.com/v1beta1/projects pageSize=1000
[debug] [2025-09-14T08:40:27.215Z] >>> [apiv2][query] GET https://firebase.googleapis.com/v1beta1/projects pageSize=1000
[debug] [2025-09-14T08:40:27.622Z] <<< [apiv2][status] GET https://firebase.googleapis.com/v1beta1/projects 200
[debug] [2025-09-14T08:40:27.623Z] <<< [apiv2][body] GET https://firebase.googleapis.com/v1beta1/projects [omitted]
[debug] [2025-09-14T08:40:27.721Z] <<< [apiv2][status] GET https://firebase.googleapis.com/v1beta1/projects 200
[debug] [2025-09-14T08:40:27.722Z] <<< [apiv2][body] GET https://firebase.googleapis.com/v1beta1/projects [omitted]
[info] [Firebase Plugin] Stopping Data Connect toolkit
[warn] ⚠  Data Connect Emulator has exited upon receiving signal: SIGINT 
[debug] [2025-09-14T09:07:32.348Z] [Firebase Plugin] Activating Firebase extension.
[debug] [2025-09-14T09:07:58.517Z] [Firebase Plugin] requireAuthWrapper
[debug] [2025-09-14T09:07:58.520Z] > command requires scopes: ["email","openid","https://www.googleapis.com/auth/cloudplatformprojects.readonly","https://www.googleapis.com/auth/firebase","https://www.googleapis.com/auth/cloud-platform","https://www.googleapis.com/auth/userinfo.email"]
[debug] [2025-09-14T09:07:58.521Z] > authorizing via signed-in user (akuma424424@gmail.com)
[debug] [2025-09-14T09:07:58.526Z] Checked if tokens are valid: true, expires at: 1757842813313
[debug] [2025-09-14T09:07:58.527Z] Checked if tokens are valid: true, expires at: 1757842813313
[debug] [2025-09-14T09:07:58.527Z] [Firebase Plugin] User found:  akuma424424@gmail.com
[info] [Firebase Plugin] (Core:Project) New user detected, fetching projects
[debug] [2025-09-14T09:07:58.530Z] Checked if tokens are valid: true, expires at: 1757842813313
[debug] [2025-09-14T09:07:58.532Z] >>> [apiv2][query] GET https://firebase.googleapis.com/v1beta1/projects pageSize=1000
[debug] [2025-09-14T09:07:58.588Z] [Firebase Plugin] VSCode notification server listening on port 40001
[debug] [2025-09-14T09:07:59.044Z] <<< [apiv2][status] GET https://firebase.googleapis.com/v1beta1/projects 200
[debug] [2025-09-14T09:07:59.045Z] <<< [apiv2][body] GET https://firebase.googleapis.com/v1beta1/projects [omitted]
[info] [Firebase Plugin] Starting Data Connect toolkit (version 2.12.0) on port 50001
[debug] [2025-09-14T09:08:00.728Z] W0914 09:08:00.724871   12650 build.go:56] Failed to construct deployment metadata: rpc error: code = NotFound desc = no schema found for service "motivateme-vwbmd". No service has a schema.
 {"metadata":{"emulator":{"name":"dataconnect"},"message":"W0914 09:08:00.724871   12650 build.go:56] Failed to construct deployment metadata: rpc error: code = NotFound desc = no schema found for service \"motivateme-vwbmd\". No service has a schema.\n"}}
[debug] [2025-09-14T09:08:00.730Z] Ignoring unsupported arg: auto_download {"metadata":{"emulator":{"name":"dataconnect"},"message":"Ignoring unsupported arg: auto_download"}}
[debug] [2025-09-14T09:08:00.731Z] Ignoring unsupported arg: port {"metadata":{"emulator":{"name":"dataconnect"},"message":"Ignoring unsupported arg: port"}}
[debug] [2025-09-14T09:08:00.732Z] Starting Data Connect Emulator with command {"binary":"/home/user/.cache/firebase/emulators/dataconnect-emulator-2.12.0","args":["--logtostderr","-v=2","dev","--listen=localhost:50001","--config_dir=/home/user/studio/dataconnect","--enable_output_schema_extensions=true","--enable_output_generated_sdk=true"],"optionalArgs":["listen","config_dir","enable_output_schema_extensions","enable_output_generated_sdk"],"joinArgs":true,"shell":false,"port":9399} {"metadata":{"emulator":{"name":"dataconnect"},"message":"Starting Data Connect Emulator with command {\"binary\":\"/home/user/.cache/firebase/emulators/dataconnect-emulator-2.12.0\",\"args\":[\"--logtostderr\",\"-v=2\",\"dev\",\"--listen=localhost:50001\",\"--config_dir=/home/user/studio/dataconnect\",\"--enable_output_schema_extensions=true\",\"--enable_output_generated_sdk=true\"],\"optionalArgs\":[\"listen\",\"config_dir\",\"enable_output_schema_extensions\",\"enable_output_generated_sdk\"],\"joinArgs\":true,\"shell\":false,\"port\":9399}"}}
[info] i  dataconnect: Data Connect Emulator logging to dataconnect-debug.log {"metadata":{"emulator":{"name":"dataconnect"},"message":"Data Connect Emulator logging to dataconnect-debug.log"}}
[debug] [2025-09-14T09:08:00.868Z] I0914 09:08:00.842641   12656 load.go:31] Reloading schema and connectors...
E0914 09:08:00.850907   12656 load.go:63] Could not generate extensions: rpc error: code = NotFound desc = no schema found for service "motivateme-vwbmd". No service has a schema.
E0914 09:08:00.851018   12656 load.go:73] Could not load sources: 
Errors: schema/schema.gql:9:14: Undefined directive column.
I0914 09:08:00.860695   12656 collector.go:107] schema extensions wrote into "/home/user/studio/dataconnect/.dataconnect/schema"
Generated sources: prelude.gql [73251B] 
I0914 09:08:00.860748   12656 load.go:74] Finished reloading
 {"metadata":{"emulator":{"name":"dataconnect"},"message":"I0914 09:08:00.842641   12656 load.go:31] Reloading schema and connectors...\nE0914 09:08:00.850907   12656 load.go:63] Could not generate extensions: rpc error: code = NotFound desc = no schema found for service \"motivateme-vwbmd\". No service has a schema.\nE0914 09:08:00.851018   12656 load.go:73] Could not load sources: \nErrors: schema/schema.gql:9:14: Undefined directive column.\nI0914 09:08:00.860695   12656 collector.go:107] schema extensions wrote into \"/home/user/studio/dataconnect/.dataconnect/schema\"\nGenerated sources: prelude.gql [73251B] \nI0914 09:08:00.860748   12656 load.go:74] Finished reloading\n"}}
[debug] [2025-09-14T09:08:00.925Z] I0914 09:08:00.880771   12656 dev.go:102] Listening on address (HTTP + gRPC): 127.0.0.1:50001
 {"metadata":{"emulator":{"name":"dataconnect"},"message":"I0914 09:08:00.880771   12656 dev.go:102] Listening on address (HTTP + gRPC): 127.0.0.1:50001\n"}}
[error] [Firebase Plugin] error:  {}
[debug] [2025-09-14T09:21:30.867Z] I0914 09:21:30.865319   12656 load.go:31] Reloading schema and connectors...
 {"metadata":{"emulator":{"name":"dataconnect"},"message":"I0914 09:21:30.865319   12656 load.go:31] Reloading schema and connectors...\n"}}
[debug] [2025-09-14T09:21:30.894Z] E0914 09:21:30.884472   12656 load.go:63] Could not generate extensions: rpc error: code = NotFound desc = no schema found for service "motivateme-vwbmd". No service has a schema.
E0914 09:21:30.884550   12656 load.go:73] Could not load sources: 
Errors: schema/schema.gql:9:14: Undefined directive column.
I0914 09:21:30.885176   12656 collector.go:107] schema extensions wrote into "/home/user/studio/dataconnect/.dataconnect/schema"
Generated sources: prelude.gql [73251B] 
I0914 09:21:30.885218   12656 load.go:74] Finished reloading
 {"metadata":{"emulator":{"name":"dataconnect"},"message":"E0914 09:21:30.884472   12656 load.go:63] Could not generate extensions: rpc error: code = NotFound desc = no schema found for service \"motivateme-vwbmd\". No service has a schema.\nE0914 09:21:30.884550   12656 load.go:73] Could not load sources: \nErrors: schema/schema.gql:9:14: Undefined directive column.\nI0914 09:21:30.885176   12656 collector.go:107] schema extensions wrote into \"/home/user/studio/dataconnect/.dataconnect/schema\"\nGenerated sources: prelude.gql [73251B] \nI0914 09:21:30.885218   12656 load.go:74] Finished reloading\n"}}
[info] [Firebase Plugin] Stopping Data Connect toolkit
[warn] ⚠  Data Connect Emulator has exited upon receiving signal: SIGINT 
